<?xml version="1.0" encoding="UTF-8"?>
<testsuite name="com.bitter.merkle.MerkleTreeTest" tests="8" skipped="0" failures="0" errors="0" timestamp="2026-08-14T05:35:00" hostname="Akshats-MacBook-Air.local" time="0.001">
  <properties/>
  <testcase name="two leaves match known vector" classname="com.bitter.merkle.MerkleTreeTest" time="0.0"/>
  <testcase name="single leaf is its own root" classname="com.bitter.merkle.MerkleTreeTest" time="0.0"/>
  <testcase name="root is independent of input list ordering when sorted" classname="com.bitter.merkle.MerkleTreeTest" time="0.0"/>
  <testcase name="truncate root cuts to 20 bytes" classname="com.bitter.merkle.MerkleTreeTest" time="0.0"/>
  <testcase name="three leaves duplicate the last leaf" classname="com.bitter.merkle.MerkleTreeTest" time="0.0"/>
  <testcase name="leaf of event id is 32 byte sha256" classname="com.bitter.merkle.MerkleTreeTest" time="0.0"/>
  <testcase name="truncate root is stable for a given tree" classname="com.bitter.merkle.MerkleTreeTest" time="0.0"/>
  <testcase name="empty tree has a zero root" classname="com.bitter.merkle.MerkleTreeTest" time="0.0"/>
  <system-out><![CDATA[]]></system-out>
  <system-err><![CDATA[]]></system-err>
</testsuite>
