<?xml version="1.0" encoding="UTF-8"?>
<testsuite name="com.bitter.crypto.Sha256Test" tests="5" skipped="0" failures="0" errors="0" timestamp="2026-08-14T05:25:15" hostname="Akshats-MacBook-Air.local" time="0.001">
  <properties/>
  <testcase name="hex encodes bytes correctly" classname="com.bitter.crypto.Sha256Test" time="0.0"/>
  <testcase name="hash is always 32 bytes" classname="com.bitter.crypto.Sha256Test" time="0.001"/>
  <testcase name="concat joins two byte arrays" classname="com.bitter.crypto.Sha256Test" time="0.0"/>
  <testcase name="hashes abc to known vector" classname="com.bitter.crypto.Sha256Test" time="0.0"/>
  <testcase name="hashes empty string to known vector" classname="com.bitter.crypto.Sha256Test" time="0.0"/>
  <system-out><![CDATA[]]></system-out>
  <system-err><![CDATA[]]></system-err>
</testsuite>
