<?xml version="1.0" encoding="UTF-8"?>
<testsuite name="com.bitter.store.EventRepositoryTest" tests="10" skipped="0" failures="0" errors="0" timestamp="2026-08-14T05:25:15" hostname="Akshats-MacBook-Air.local" time="0.01">
  <properties/>
  <testcase name="post rejects blank content" classname="com.bitter.store.EventRepositoryTest" time="0.001"/>
  <testcase name="observe timeline emits chronological events" classname="com.bitter.store.EventRepositoryTest" time="0.003"/>
  <testcase name="apply remote dedupes events already present" classname="com.bitter.store.EventRepositoryTest" time="0.001"/>
  <testcase name="today leaves are sorted and match the stored events" classname="com.bitter.store.EventRepositoryTest" time="0.001"/>
  <testcase name="post rejects content over 280 characters" classname="com.bitter.store.EventRepositoryTest" time="0.0"/>
  <testcase name="post creates a valid authored post event" classname="com.bitter.store.EventRepositoryTest" time="0.001"/>
  <testcase name="apply remote rejects tampered events" classname="com.bitter.store.EventRepositoryTest" time="0.001"/>
  <testcase name="apply remote inserts valid events and returns the count" classname="com.bitter.store.EventRepositoryTest" time="0.0"/>
  <testcase name="like creates a like event targeting another event" classname="com.bitter.store.EventRepositoryTest" time="0.001"/>
  <testcase name="post accepts exactly 280 characters" classname="com.bitter.store.EventRepositoryTest" time="0.0"/>
  <system-out><![CDATA[]]></system-out>
  <system-err><![CDATA[]]></system-err>
</testsuite>
