<?xml version="1.0" encoding="UTF-8"?>
<testsuite name="com.bitter.crypto.IdentityTest" tests="4" skipped="0" failures="0" errors="0" timestamp="2026-08-14T05:34:59" hostname="Akshats-MacBook-Air.local" time="0.018">
  <properties/>
  <testcase name="derives a deterministic username from a fingerprint" classname="com.bitter.crypto.IdentityTest" time="0.005"/>
  <testcase name="different fingerprints produce different usernames" classname="com.bitter.crypto.IdentityTest" time="0.0"/>
  <testcase name="empty fingerprint still yields a valid username" classname="com.bitter.crypto.IdentityTest" time="0.013"/>
  <testcase name="username follows the bitter prefix format" classname="com.bitter.crypto.IdentityTest" time="0.0"/>
  <system-out><![CDATA[]]></system-out>
  <system-err><![CDATA[]]></system-err>
</testsuite>
