<?xml version="1.0" encoding="UTF-8"?>
<testsuite name="com.bitter.ble.FrameCodecTest" tests="6" skipped="0" failures="0" errors="0" timestamp="2026-08-14T05:25:15" hostname="Akshats-MacBook-Air.local" time="0.001">
  <properties/>
  <testcase name="decodes a single frame" classname="com.bitter.ble.FrameCodecTest" time="0.0"/>
  <testcase name="decodes multiple concatenated frames" classname="com.bitter.ble.FrameCodecTest" time="0.0"/>
  <testcase name="ignores trailing partial data" classname="com.bitter.ble.FrameCodecTest" time="0.0"/>
  <testcase name="decodes empty stream to no frames" classname="com.bitter.ble.FrameCodecTest" time="0.001"/>
  <testcase name="empty payload frames correctly" classname="com.bitter.ble.FrameCodecTest" time="0.0"/>
  <testcase name="encodes a length prefixed frame" classname="com.bitter.ble.FrameCodecTest" time="0.0"/>
  <system-out><![CDATA[]]></system-out>
  <system-err><![CDATA[]]></system-err>
</testsuite>
