<?xml version="1.0" encoding="UTF-8"?>
<testsuite name="com.bitter.sync.SyncEngineTest" tests="5" skipped="0" failures="0" errors="0" timestamp="2026-08-14T05:25:15" hostname="Akshats-MacBook-Air.local" time="0.013">
  <properties/>
  <testcase name="nothing missing when server empty" classname="com.bitter.sync.SyncEngineTest" time="0.0"/>
  <testcase name="disjoint sets" classname="com.bitter.sync.SyncEngineTest" time="0.001"/>
  <testcase name="scattered missing leaves" classname="com.bitter.sync.SyncEngineTest" time="0.01"/>
  <testcase name="all missing when client empty" classname="com.bitter.sync.SyncEngineTest" time="0.0"/>
  <testcase name="no missing leaves when identical" classname="com.bitter.sync.SyncEngineTest" time="0.001"/>
  <system-out><![CDATA[]]></system-out>
  <system-err><![CDATA[]]></system-err>
</testsuite>
